Arguments: 
  /usr/local/bin/node /usr/share/yarn/bin/yarn.js add styled-components

PATH: 
  /usr/local/sbin:/usr/local/bin:/usr/sbin:/usr/bin:/sbin:/bin:/usr/games:/usr/local/games

Yarn version: 
  1.16.0

Node version: 
  10.15.3

Platform: 
  linux x64

Trace: 
  Error: EACCES: permission denied, unlink '/home/coffee/Documents/Marvel/node_modules/@types/events/LICENSE'

npm manifest: 
  {
    "name": "@expo/app",
    "description": "expo app",
    "version": "1.0.0",
    "author": "Wellerson",
    "license": "MIT",
    "private": true,
    "main": "node_modules/expo/AppEntry.js",
    "scripts": {
      "start": "expo start -c",
      "android": "expo start --android",
      "ios": "expo start --ios",
      "eject": "expo eject"
    },
    "dependencies": {
      "add": "^2.0.6",
      "expo": "^32.0.0",
      "js-md5": "^0.7.3",
      "react": "^16.8.2",
      "react-native": "https://github.com/the-atelier/react-native#sdk-32",
      "react-native-elements": "^1.1.0",
      "react-navigation": "^3.11.0",
      "react-redux": "^7.0.3",
      "redux": "^4.0.1",
      "redux-saga": "^1.0.2",
      "remove": "^0.1.5",
      "yarn": "^1.16.0"
    },
    "devDependencies": {
      "babel-preset-expo": "^5.0.0",
      "reactotron-react-native": "^3.6.0"
    }
  }

yarn manifest: 
  No manifest

Lockfile: 
  No lockfile
